[1017/182742.450:ERROR:directory_reader_win.cc(43)] FindFirstFile: Системе не удается найти указанный путь. (0x3)
[1017/191533.832:ERROR:directory_reader_win.cc(43)] FindFirstFile: Системе не удается найти указанный путь. (0x3)
[1020/182536.114:ERROR:directory_reader_win.cc(43)] FindFirstFile: Системе не удается найти указанный путь. (0x3)
[1022/185933.881:ERROR:directory_reader_win.cc(43)] FindFirstFile: Системе не удается найти указанный путь. (0x3)
[1024/170003.113:ERROR:directory_reader_win.cc(43)] FindFirstFile: Системе не удается найти указанный путь. (0x3)
[1024/200504.999:ERROR:directory_reader_win.cc(43)] FindFirstFile: Системе не удается найти указанный путь. (0x3)
[1103/154041.893:ERROR:directory_reader_win.cc(43)] FindFirstFile: Системе не удается найти указанный путь. (0x3)
[1107/122008.402:ERROR:directory_reader_win.cc(43)] FindFirstFile: Системе не удается найти указанный путь. (0x3)
[1110/181631.638:ERROR:directory_reader_win.cc(43)] FindFirstFile: Системе не удается найти указанный путь. (0x3)
[1112/181324.633:ERROR:directory_reader_win.cc(43)] FindFirstFile: Системе не удается найти указанный путь. (0x3)
[1117/163217.565:ERROR:directory_reader_win.cc(43)] FindFirstFile: Системе не удается найти указанный путь. (0x3)
[1119/183601.952:ERROR:directory_reader_win.cc(43)] FindFirstFile: Системе не удается найти указанный путь. (0x3)
[1119/192021.675:ERROR:directory_reader_win.cc(43)] FindFirstFile: Системе не удается найти указанный путь. (0x3)
[1121/192202.648:ERROR:directory_reader_win.cc(43)] FindFirstFile: Системе не удается найти указанный путь. (0x3)
[1124/182845.597:ERROR:filesystem_win.cc(129)] GetFileAttributes C:\Users\Acer\AppData\Local\Google\Chrome\User Data\Crashpad\attachments\2742fd47-4023-42b7-ace7-f05125b577d8: Системе не удается найти указанный путь. (0x3)
[1124/184255.676:ERROR:directory_reader_win.cc(43)] FindFirstFile: Системе не удается найти указанный путь. (0x3)
[1124/190027.967:ERROR:directory_reader_win.cc(43)] FindFirstFile: Системе не удается найти указанный путь. (0x3)
[1124/192515.085:ERROR:directory_reader_win.cc(43)] FindFirstFile: Системе не удается найти указанный путь. (0x3)
[1126/182451.293:ERROR:directory_reader_win.cc(43)] FindFirstFile: Системе не удается найти указанный путь. (0x3)
[1126/192722.543:ERROR:process_reader_win.cc(151)] SuspendThread: Отказано в доступе. (0x5)
[1126/192722.543:ERROR:process_reader_win.cc(151)] SuspendThread: Отказано в доступе. (0x5)
[1126/192722.543:ERROR:process_reader_win.cc(151)] SuspendThread: Отказано в доступе. (0x5)
[1126/192722.543:ERROR:process_reader_win.cc(151)] SuspendThread: Отказано в доступе. (0x5)
[1126/192722.543:ERROR:process_reader_win.cc(151)] SuspendThread: Отказано в доступе. (0x5)
[1126/192722.543:ERROR:process_reader_win.cc(151)] SuspendThread: Отказано в доступе. (0x5)
[1126/192722.543:ERROR:process_reader_win.cc(151)] SuspendThread: Отказано в доступе. (0x5)
[1126/192722.543:ERROR:process_reader_win.cc(151)] SuspendThread: Отказано в доступе. (0x5)
[1126/192722.543:ERROR:process_reader_win.cc(151)] SuspendThread: Отказано в доступе. (0x5)
[1126/192722.543:ERROR:process_reader_win.cc(151)] SuspendThread: Отказано в доступе. (0x5)
[1126/192722.543:ERROR:process_reader_win.cc(151)] SuspendThread: Отказано в доступе. (0x5)
[1126/192722.543:ERROR:process_reader_win.cc(151)] SuspendThread: Отказано в доступе. (0x5)
[1126/192722.543:ERROR:process_reader_win.cc(123)] NtOpenThread: {Отказано в доступе} Процесс запросил доступ к объекту, но права на доступ не предоставлены. (0xc0000022)
[1126/192722.543:ERROR:process_reader_win.cc(123)] NtOpenThread: {Отказано в доступе} Процесс запросил доступ к объекту, но права на доступ не предоставлены. (0xc0000022)
[1126/192722.543:ERROR:exception_snapshot_win.cc(99)] thread ID 2440 not found in process
[1126/192722.543:ERROR:exception_snapshot_win.cc(99)] thread ID 3128 not found in process
[1128/182144.916:ERROR:directory_reader_win.cc(43)] FindFirstFile: Системе не удается найти указанный путь. (0x3)
[1201/182155.979:ERROR:directory_reader_win.cc(43)] FindFirstFile: Системе не удается найти указанный путь. (0x3)
[1203/182450.859:ERROR:directory_reader_win.cc(43)] FindFirstFile: Системе не удается найти указанный путь. (0x3)
[1205/181450.453:ERROR:directory_reader_win.cc(43)] FindFirstFile: Системе не удается найти указанный путь. (0x3)
[1205/182510.301:ERROR:directory_reader_win.cc(43)] FindFirstFile: Системе не удается найти указанный путь. (0x3)
[1208/145908.278:ERROR:directory_reader_win.cc(43)] FindFirstFile: Системе не удается найти указанный путь. (0x3)
[1210/182533.365:ERROR:directory_reader_win.cc(43)] FindFirstFile: Системе не удается найти указанный путь. (0x3)
[1210/184129.124:ERROR:directory_reader_win.cc(43)] FindFirstFile: Системе не удается найти указанный путь. (0x3)
[1212/185818.096:ERROR:directory_reader_win.cc(43)] FindFirstFile: Системе не удается найти указанный путь. (0x3)
[1215/184238.622:ERROR:directory_reader_win.cc(43)] FindFirstFile: Системе не удается найти указанный путь. (0x3)
[1217/182255.209:ERROR:directory_reader_win.cc(43)] FindFirstFile: Системе не удается найти указанный путь. (0x3)
[1219/164321.598:ERROR:directory_reader_win.cc(43)] FindFirstFile: Системе не удается найти указанный путь. (0x3)
[1219/181005.826:ERROR:directory_reader_win.cc(43)] FindFirstFile: Системе не удается найти указанный путь. (0x3)
[1222/193951.671:ERROR:directory_reader_win.cc(43)] FindFirstFile: Системе не удается найти указанный путь. (0x3)
[1224/183437.450:ERROR:directory_reader_win.cc(43)] FindFirstFile: Системе не удается найти указанный путь. (0x3)
[1224/195555.734:ERROR:directory_reader_win.cc(43)] FindFirstFile: Системе не удается найти указанный путь. (0x3)
[1226/185457.512:ERROR:directory_reader_win.cc(43)] FindFirstFile: Системе не удается найти указанный путь. (0x3)
[1229/163546.046:ERROR:directory_reader_win.cc(43)] FindFirstFile: Системе не удается найти указанный путь. (0x3)
[0116/160625.413:ERROR:directory_reader_win.cc(43)] FindFirstFile: Системе не удается найти указанный путь. (0x3)
[0119/191320.669:ERROR:directory_reader_win.cc(43)] FindFirstFile: Системе не удается найти указанный путь. (0x3)
[0121/181659.846:ERROR:directory_reader_win.cc(43)] FindFirstFile: Системе не удается найти указанный путь. (0x3)
